<?xml version="1.0" encoding="UTF-8"?>
<!-- Generated by org.testng.reporters.JUnitXMLReporter -->
<testsuite hostname="LHTU05CG9309MY6" ignored="0" name="Default test" tests="3" failures="0" timestamp="30 Sep 2022 02:34:01 GMT" time="4.923" errors="0">
  <testcase name="DeleteBook" time="4.073" classname="api_pkg.DelBook"/>
  <testcase name="DeleteBook" time="0.469" classname="api_pkg.DelBook"/>
  <testcase name="DeleteBook" time="0.317" classname="api_pkg.DelBook"/>
</testsuite> <!-- Default test -->
